<?xml version="1.0" encoding="UTF-8"?>
<!-- Generated by org.testng.reporters.JUnitXMLReporter -->
<testsuite ignored="0" hostname="DESKTOP-SFL19RL" failures="0" tests="9" name="Test" time="133.566" errors="0" timestamp="2024-03-21T00:28:12 IST">
  <testcase classname="com.CineverseTest.dashboard_Page" name="Verify_the_title_of_The_Home_Page_TC_001" time="0.153"/>
  <testcase classname="com.CineverseTest.dashboard_Page" name="Verify_the_live_TV_button_is_clickable_or_nut_TC_002" time="5.188"/>
  <testcase classname="com.CineverseTest.dashboard_Page" name="Verify_the_Movie_buttoon_TC_003" time="5.947"/>
  <testcase classname="com.CineverseTest.dashboard_Page" name="verify_the_showsButton_TC_004" time="6.869"/>
  <testcase classname="com.CineverseTest.dashboard_Page" name="verify_the_genresButton_TC_005" time="7.136"/>
  <testcase classname="com.CineverseTest.dashboard_Page" name="verify_the_watchlistButton_TC_006" time="5.278"/>
  <testcase classname="com.CineverseTest.compability_test" name="Compability_test" time="42.544"/>
  <testcase classname="com.CineverseTest.UITest" name="verify_the_FrontBannerUI_of_HomePage_TC_007" time="2.346"/>
  <testcase classname="com.CineverseTest.UITest" name="verify_the_company_Logo_TC_008" time="0.037"/>
</testsuite> <!-- Test -->
